<?xml version="1.0" encoding="UTF-8"?>
<!-- Generated by org.testng.reporters.JUnitXMLReporter -->
<testsuite hostname="DESKTOP-A9JBT3B" name="Test" tests="55" failures="19" timestamp="7 Dec 2017 07:01:21 GMT" time="930.611" errors="0">
  <testcase name="test" time="3.627" classname="com.test.login.LoginPageTest"/>
  <testcase name="click" time="9.913" classname="com.test.daohang.Click"/>
  <testcase name="all1" time="13.187" classname="com.test.record.Allrecord"/>
  <testcase name="all2" time="16.486" classname="com.test.record.Allrecord"/>
  <testcase name="commentyes" time="19.851" classname="com.test.record.Comment"/>
  <testcase name="commentno" time="3.302" classname="com.test.record.Comment"/>
  <testcase name="commentinput1" time="9.936" classname="com.test.record.Comment"/>
  <testcase name="commentinput2" time="9.9" classname="com.test.record.Comment"/>
  <testcase name="commentinput3" time="9.963" classname="com.test.record.Comment">
    <failure type="java.lang.AssertionError" message="expected [true] but found [false]">
      <![CDATA[java.lang.AssertionError: expected [true] but found [false]
	at com.test.record.Comment.commentinput3(Comment.java:59)
... Removed 28 stack frames]]>
    </failure>
  </testcase> <!-- commentinput3 -->
  <testcase name="commentinput4" time="10.215" classname="com.test.record.Comment">
    <failure type="java.lang.AssertionError" message="expected [true] but found [false]">
      <![CDATA[java.lang.AssertionError: expected [true] but found [false]
	at com.test.record.Comment.commentinput4(Comment.java:72)
... Removed 28 stack frames]]>
    </failure>
  </testcase> <!-- commentinput4 -->
  <testcase name="details" time="32.709" classname="com.test.record.Details"/>
  <testcase name="details" time="16.633" classname="com.test.record.Detailsnew"/>
  <testcase name="searchsuccess" time="13.263" classname="com.test.record.Search"/>
  <testcase name="searchfail1" time="3.363" classname="com.test.record.Search"/>
  <testcase name="searchfail2" time="3.331" classname="com.test.record.Search"/>
  <testcase name="searchfail3" time="3.348" classname="com.test.record.Search">
    <failure type="java.lang.AssertionError" message="expected [true] but found [false]">
      <![CDATA[java.lang.AssertionError: expected [true] but found [false]
	at com.test.record.Search.searchfail3(Search.java:46)
... Removed 28 stack frames]]>
    </failure>
  </testcase> <!-- searchfail3 -->
  <testcase name="searchfail4" time="3.316" classname="com.test.record.Search"/>
  <testcase name="state6" time="0.097" classname="com.test.record.State">
    <failure type="java.lang.AssertionError" message="expected [true] but found [false]">
      <![CDATA[java.lang.AssertionError: expected [true] but found [false]
	at com.test.record.State.state6(State.java:66)
... Removed 28 stack frames]]>
    </failure>
  </testcase> <!-- state6 -->
  <testcase name="state7" time="0.055" classname="com.test.record.State">
    <failure type="java.lang.AssertionError" message="expected [true] but found [false]">
      <![CDATA[java.lang.AssertionError: expected [true] but found [false]
	at com.test.record.State.state7(State.java:74)
... Removed 28 stack frames]]>
    </failure>
  </testcase> <!-- state7 -->
  <testcase name="state1" time="20.087" classname="com.test.record.State"/>
  <testcase name="state2" time="9.977" classname="com.test.record.State"/>
  <testcase name="state3" time="9.986" classname="com.test.record.State"/>
  <testcase name="state4" time="9.97" classname="com.test.record.State"/>
  <testcase name="state5" time="9.933" classname="com.test.record.State"/>
  <testcase name="state1" time="13.224" classname="com.test.record.Update"/>
  <testcase name="state2" time="6.601" classname="com.test.record.Update"/>
  <testcase name="adddate1" time="29.716" classname="com.test.dailypaper.Adddate">
    <failure type="java.lang.AssertionError" message="expected [true] but found [false]">
      <![CDATA[java.lang.AssertionError: expected [true] but found [false]
	at com.test.dailypaper.Adddate.adddate1(Adddate.java:34)
... Removed 28 stack frames]]>
    </failure>
  </testcase> <!-- adddate1 -->
  <testcase name="adddate2" time="12.88" classname="com.test.dailypaper.Adddate">
    <failure type="java.lang.AssertionError" message="expected [true] but found [false]">
      <![CDATA[java.lang.AssertionError: expected [true] but found [false]
	at com.test.dailypaper.Adddate.adddate2(Adddate.java:47)
... Removed 28 stack frames]]>
    </failure>
  </testcase> <!-- adddate2 -->
  <testcase name="adddate3" time="3.016" classname="com.test.dailypaper.Adddate">
    <failure type="org.openqa.selenium.NoSuchFrameException" message="No frame element found by name or id openinputiframe
Build info: version: &amp;apos;3.6.0&amp;apos;, revision: &amp;apos;6fbf3ec767&amp;apos;, time: &amp;apos;2017-09-27T16:15:40.131Z&amp;apos;
System info: host: &amp;apos;DESKTOP-A9JBT3B&amp;apos;, ip: &amp;apos;192.168.204.1&amp;apos;, os.name: &amp;apos;Windows 10&amp;apos;, os.arch: &amp;apos;amd64&amp;apos;, os.version: &amp;apos;10.0&amp;apos;, java.version: &amp;apos;1.8.0_121&amp;apos;
Driver info: driver.version: unknown">
      <![CDATA[org.openqa.selenium.NoSuchFrameException: No frame element found by name or id openinputiframe
Build info: version: '3.6.0', revision: '6fbf3ec767', time: '2017-09-27T16:15:40.131Z'
System info: host: 'DESKTOP-A9JBT3B', ip: '192.168.204.1', os.name: 'Windows 10', os.arch: 'amd64', os.version: '10.0', java.version: '1.8.0_121'
Driver info: driver.version: unknown
	at org.openqa.selenium.remote.RemoteWebDriver$RemoteTargetLocator.frame(RemoteWebDriver.java:925)
	at com.webtest.core.WebDriverEngine.enterFrame(WebDriverEngine.java:44)
	at com.test.dailypaper.Adddate.adddate3(Adddate.java:52)
... Removed 24 stack frames]]>
    </failure>
  </testcase> <!-- adddate3 -->
  <testcase name="adddate4" time="3.031" classname="com.test.dailypaper.Adddate">
    <failure type="org.openqa.selenium.NoSuchFrameException" message="No frame element found by name or id openinputiframe
Build info: version: &amp;apos;3.6.0&amp;apos;, revision: &amp;apos;6fbf3ec767&amp;apos;, time: &amp;apos;2017-09-27T16:15:40.131Z&amp;apos;
System info: host: &amp;apos;DESKTOP-A9JBT3B&amp;apos;, ip: &amp;apos;192.168.204.1&amp;apos;, os.name: &amp;apos;Windows 10&amp;apos;, os.arch: &amp;apos;amd64&amp;apos;, os.version: &amp;apos;10.0&amp;apos;, java.version: &amp;apos;1.8.0_121&amp;apos;
Driver info: driver.version: unknown">
      <![CDATA[org.openqa.selenium.NoSuchFrameException: No frame element found by name or id openinputiframe
Build info: version: '3.6.0', revision: '6fbf3ec767', time: '2017-09-27T16:15:40.131Z'
System info: host: 'DESKTOP-A9JBT3B', ip: '192.168.204.1', os.name: 'Windows 10', os.arch: 'amd64', os.version: '10.0', java.version: '1.8.0_121'
Driver info: driver.version: unknown
	at org.openqa.selenium.remote.RemoteWebDriver$RemoteTargetLocator.frame(RemoteWebDriver.java:925)
	at com.webtest.core.WebDriverEngine.enterFrame(WebDriverEngine.java:44)
	at com.test.dailypaper.Adddate.adddate4(Adddate.java:66)
... Removed 24 stack frames]]>
    </failure>
  </testcase> <!-- adddate4 -->
  <testcase name="adddate5" time="3.047" classname="com.test.dailypaper.Adddate">
    <failure type="org.openqa.selenium.NoSuchFrameException" message="No frame element found by name or id openinputiframe
Build info: version: &amp;apos;3.6.0&amp;apos;, revision: &amp;apos;6fbf3ec767&amp;apos;, time: &amp;apos;2017-09-27T16:15:40.131Z&amp;apos;
System info: host: &amp;apos;DESKTOP-A9JBT3B&amp;apos;, ip: &amp;apos;192.168.204.1&amp;apos;, os.name: &amp;apos;Windows 10&amp;apos;, os.arch: &amp;apos;amd64&amp;apos;, os.version: &amp;apos;10.0&amp;apos;, java.version: &amp;apos;1.8.0_121&amp;apos;
Driver info: driver.version: unknown">
      <![CDATA[org.openqa.selenium.NoSuchFrameException: No frame element found by name or id openinputiframe
Build info: version: '3.6.0', revision: '6fbf3ec767', time: '2017-09-27T16:15:40.131Z'
System info: host: 'DESKTOP-A9JBT3B', ip: '192.168.204.1', os.name: 'Windows 10', os.arch: 'amd64', os.version: '10.0', java.version: '1.8.0_121'
Driver info: driver.version: unknown
	at org.openqa.selenium.remote.RemoteWebDriver$RemoteTargetLocator.frame(RemoteWebDriver.java:925)
	at com.webtest.core.WebDriverEngine.enterFrame(WebDriverEngine.java:44)
	at com.test.dailypaper.Adddate.adddate5(Adddate.java:79)
... Removed 24 stack frames]]>
    </failure>
  </testcase> <!-- adddate5 -->
  <testcase name="adddate6" time="3.015" classname="com.test.dailypaper.Adddate">
    <failure type="org.openqa.selenium.NoSuchFrameException" message="No frame element found by name or id openinputiframe
Build info: version: &amp;apos;3.6.0&amp;apos;, revision: &amp;apos;6fbf3ec767&amp;apos;, time: &amp;apos;2017-09-27T16:15:40.131Z&amp;apos;
System info: host: &amp;apos;DESKTOP-A9JBT3B&amp;apos;, ip: &amp;apos;192.168.204.1&amp;apos;, os.name: &amp;apos;Windows 10&amp;apos;, os.arch: &amp;apos;amd64&amp;apos;, os.version: &amp;apos;10.0&amp;apos;, java.version: &amp;apos;1.8.0_121&amp;apos;
Driver info: driver.version: unknown">
      <![CDATA[org.openqa.selenium.NoSuchFrameException: No frame element found by name or id openinputiframe
Build info: version: '3.6.0', revision: '6fbf3ec767', time: '2017-09-27T16:15:40.131Z'
System info: host: 'DESKTOP-A9JBT3B', ip: '192.168.204.1', os.name: 'Windows 10', os.arch: 'amd64', os.version: '10.0', java.version: '1.8.0_121'
Driver info: driver.version: unknown
	at org.openqa.selenium.remote.RemoteWebDriver$RemoteTargetLocator.frame(RemoteWebDriver.java:925)
	at com.webtest.core.WebDriverEngine.enterFrame(WebDriverEngine.java:44)
	at com.test.dailypaper.Adddate.adddate6(Adddate.java:95)
... Removed 24 stack frames]]>
    </failure>
  </testcase> <!-- adddate6 -->
  <testcase name="adddate7" time="3.032" classname="com.test.dailypaper.Adddate">
    <failure type="org.openqa.selenium.NoSuchFrameException" message="No frame element found by name or id openinputiframe
Build info: version: &amp;apos;3.6.0&amp;apos;, revision: &amp;apos;6fbf3ec767&amp;apos;, time: &amp;apos;2017-09-27T16:15:40.131Z&amp;apos;
System info: host: &amp;apos;DESKTOP-A9JBT3B&amp;apos;, ip: &amp;apos;192.168.204.1&amp;apos;, os.name: &amp;apos;Windows 10&amp;apos;, os.arch: &amp;apos;amd64&amp;apos;, os.version: &amp;apos;10.0&amp;apos;, java.version: &amp;apos;1.8.0_121&amp;apos;
Driver info: driver.version: unknown">
      <![CDATA[org.openqa.selenium.NoSuchFrameException: No frame element found by name or id openinputiframe
Build info: version: '3.6.0', revision: '6fbf3ec767', time: '2017-09-27T16:15:40.131Z'
System info: host: 'DESKTOP-A9JBT3B', ip: '192.168.204.1', os.name: 'Windows 10', os.arch: 'amd64', os.version: '10.0', java.version: '1.8.0_121'
Driver info: driver.version: unknown
	at org.openqa.selenium.remote.RemoteWebDriver$RemoteTargetLocator.frame(RemoteWebDriver.java:925)
	at com.webtest.core.WebDriverEngine.enterFrame(WebDriverEngine.java:44)
	at com.test.dailypaper.Adddate.adddate7(Adddate.java:111)
... Removed 24 stack frames]]>
    </failure>
  </testcase> <!-- adddate7 -->
  <testcase name="adddate8" time="3.016" classname="com.test.dailypaper.Adddate">
    <failure type="org.openqa.selenium.NoSuchFrameException" message="No frame element found by name or id openinputiframe
Build info: version: &amp;apos;3.6.0&amp;apos;, revision: &amp;apos;6fbf3ec767&amp;apos;, time: &amp;apos;2017-09-27T16:15:40.131Z&amp;apos;
System info: host: &amp;apos;DESKTOP-A9JBT3B&amp;apos;, ip: &amp;apos;192.168.204.1&amp;apos;, os.name: &amp;apos;Windows 10&amp;apos;, os.arch: &amp;apos;amd64&amp;apos;, os.version: &amp;apos;10.0&amp;apos;, java.version: &amp;apos;1.8.0_121&amp;apos;
Driver info: driver.version: unknown">
      <![CDATA[org.openqa.selenium.NoSuchFrameException: No frame element found by name or id openinputiframe
Build info: version: '3.6.0', revision: '6fbf3ec767', time: '2017-09-27T16:15:40.131Z'
System info: host: 'DESKTOP-A9JBT3B', ip: '192.168.204.1', os.name: 'Windows 10', os.arch: 'amd64', os.version: '10.0', java.version: '1.8.0_121'
Driver info: driver.version: unknown
	at org.openqa.selenium.remote.RemoteWebDriver$RemoteTargetLocator.frame(RemoteWebDriver.java:925)
	at com.webtest.core.WebDriverEngine.enterFrame(WebDriverEngine.java:44)
	at com.test.dailypaper.Adddate.adddate8(Adddate.java:125)
... Removed 24 stack frames]]>
    </failure>
  </testcase> <!-- adddate8 -->
  <testcase name="adddate9" time="3.063" classname="com.test.dailypaper.Adddate">
    <failure type="org.openqa.selenium.NoSuchFrameException" message="No frame element found by name or id openinputiframe
Build info: version: &amp;apos;3.6.0&amp;apos;, revision: &amp;apos;6fbf3ec767&amp;apos;, time: &amp;apos;2017-09-27T16:15:40.131Z&amp;apos;
System info: host: &amp;apos;DESKTOP-A9JBT3B&amp;apos;, ip: &amp;apos;192.168.204.1&amp;apos;, os.name: &amp;apos;Windows 10&amp;apos;, os.arch: &amp;apos;amd64&amp;apos;, os.version: &amp;apos;10.0&amp;apos;, java.version: &amp;apos;1.8.0_121&amp;apos;
Driver info: driver.version: unknown">
      <![CDATA[org.openqa.selenium.NoSuchFrameException: No frame element found by name or id openinputiframe
Build info: version: '3.6.0', revision: '6fbf3ec767', time: '2017-09-27T16:15:40.131Z'
System info: host: 'DESKTOP-A9JBT3B', ip: '192.168.204.1', os.name: 'Windows 10', os.arch: 'amd64', os.version: '10.0', java.version: '1.8.0_121'
Driver info: driver.version: unknown
	at org.openqa.selenium.remote.RemoteWebDriver$RemoteTargetLocator.frame(RemoteWebDriver.java:925)
	at com.webtest.core.WebDriverEngine.enterFrame(WebDriverEngine.java:44)
	at com.test.dailypaper.Adddate.adddate9(Adddate.java:141)
... Removed 24 stack frames]]>
    </failure>
  </testcase> <!-- adddate9 -->
  <testcase name="all1" time="13.136" classname="com.test.dailypaper.Allpaper"/>
  <testcase name="all2" time="6.617" classname="com.test.dailypaper.Allpaper"/>
  <testcase name="all3" time="6.602" classname="com.test.dailypaper.Allpaper"/>
  <testcase name="type" time="22.968" classname="com.test.dailypaper.Dailytype">
    <failure type="java.lang.AssertionError" message="expected [true] but found [false]">
      <![CDATA[java.lang.AssertionError: expected [true] but found [false]
	at com.test.dailypaper.Dailytype.type(Dailytype.java:30)
... Removed 28 stack frames]]>
    </failure>
  </testcase> <!-- type -->
  <testcase name="page" time="23.081" classname="com.test.dailypaper.Page"/>
  <testcase name="sort1" time="16.521" classname="com.test.dailypaper.Sort"/>
  <testcase name="sort2" time="6.617" classname="com.test.dailypaper.Sort"/>
  <testcase name="sort3" time="6.603" classname="com.test.dailypaper.Sort"/>
  <testcase name="test1" time="3.363" classname="com.test.dailypaper.SearchDataProviderTest"/>
  <testcase name="test1" time="3.384" classname="com.test.dailypaper.SearchDataProviderTest"/>
  <testcase name="test1" time="3.349" classname="com.test.dailypaper.SearchDataProviderTest"/>
  <testcase name="test1" time="3.316" classname="com.test.dailypaper.SearchDataProviderTest"/>
  <testcase name="test1" time="3.301" classname="com.test.dailypaper.SearchDataProviderTest"/>
  <testcase name="tick1" time="32.769" classname="com.test.paycheck.Addperson">
    <failure type="java.lang.AssertionError" message="expected [true] but found [false]">
      <![CDATA[java.lang.AssertionError: expected [true] but found [false]
	at com.test.paycheck.Addperson.tick1(Addperson.java:31)
... Removed 28 stack frames]]>
    </failure>
  </testcase> <!-- tick1 -->
  <testcase name="tick2" time="3.032" classname="com.test.paycheck.Addperson">
    <failure type="org.openqa.selenium.NoSuchFrameException" message="No frame element found by name or id openinputiframe
Build info: version: &amp;apos;3.6.0&amp;apos;, revision: &amp;apos;6fbf3ec767&amp;apos;, time: &amp;apos;2017-09-27T16:15:40.131Z&amp;apos;
System info: host: &amp;apos;DESKTOP-A9JBT3B&amp;apos;, ip: &amp;apos;192.168.204.1&amp;apos;, os.name: &amp;apos;Windows 10&amp;apos;, os.arch: &amp;apos;amd64&amp;apos;, os.version: &amp;apos;10.0&amp;apos;, java.version: &amp;apos;1.8.0_121&amp;apos;
Driver info: driver.version: unknown">
      <![CDATA[org.openqa.selenium.NoSuchFrameException: No frame element found by name or id openinputiframe
Build info: version: '3.6.0', revision: '6fbf3ec767', time: '2017-09-27T16:15:40.131Z'
System info: host: 'DESKTOP-A9JBT3B', ip: '192.168.204.1', os.name: 'Windows 10', os.arch: 'amd64', os.version: '10.0', java.version: '1.8.0_121'
Driver info: driver.version: unknown
	at org.openqa.selenium.remote.RemoteWebDriver$RemoteTargetLocator.frame(RemoteWebDriver.java:925)
	at com.webtest.core.WebDriverEngine.enterFrame(WebDriverEngine.java:44)
	at com.test.paycheck.Addperson.tick2(Addperson.java:37)
... Removed 24 stack frames]]>
    </failure>
  </testcase> <!-- tick2 -->
  <testcase name="tick3" time="3.015" classname="com.test.paycheck.Addperson">
    <failure type="org.openqa.selenium.NoSuchFrameException" message="No frame element found by name or id openinputiframe
Build info: version: &amp;apos;3.6.0&amp;apos;, revision: &amp;apos;6fbf3ec767&amp;apos;, time: &amp;apos;2017-09-27T16:15:40.131Z&amp;apos;
System info: host: &amp;apos;DESKTOP-A9JBT3B&amp;apos;, ip: &amp;apos;192.168.204.1&amp;apos;, os.name: &amp;apos;Windows 10&amp;apos;, os.arch: &amp;apos;amd64&amp;apos;, os.version: &amp;apos;10.0&amp;apos;, java.version: &amp;apos;1.8.0_121&amp;apos;
Driver info: driver.version: unknown">
      <![CDATA[org.openqa.selenium.NoSuchFrameException: No frame element found by name or id openinputiframe
Build info: version: '3.6.0', revision: '6fbf3ec767', time: '2017-09-27T16:15:40.131Z'
System info: host: 'DESKTOP-A9JBT3B', ip: '192.168.204.1', os.name: 'Windows 10', os.arch: 'amd64', os.version: '10.0', java.version: '1.8.0_121'
Driver info: driver.version: unknown
	at org.openqa.selenium.remote.RemoteWebDriver$RemoteTargetLocator.frame(RemoteWebDriver.java:925)
	at com.webtest.core.WebDriverEngine.enterFrame(WebDriverEngine.java:44)
	at com.test.paycheck.Addperson.tick3(Addperson.java:46)
... Removed 24 stack frames]]>
    </failure>
  </testcase> <!-- tick3 -->
  <testcase name="salary1" time="32.648" classname="com.test.paycheck.Basicsalary">
    <failure type="java.lang.AssertionError" message="expected [true] but found [false]">
      <![CDATA[java.lang.AssertionError: expected [true] but found [false]
	at com.test.paycheck.Basicsalary.salary1(Basicsalary.java:32)
... Removed 28 stack frames]]>
    </failure>
  </testcase> <!-- salary1 -->
  <testcase name="salary2" time="16.447" classname="com.test.paycheck.Basicsalary"/>
  <testcase name="tick1" time="23.108" classname="com.test.paycheck.Tick"/>
  <testcase name="tick2" time="6.615" classname="com.test.paycheck.Tick"/>
</testsuite> <!-- Test -->
